TN:
SF:src/airj/imported_interfaces.clj
DA:1,1
DA:3,1
DA:5,5
DA:7,1
DA:9,4
DA:10,3
DA:11,8
DA:12,1
DA:13,6
DA:14,4
DA:15,3
DA:16,6
DA:17,3
DA:18,3
DA:19,15
DA:20,15
DA:21,3
DA:22,7
DA:23,3
DA:24,1
DA:25,4
DA:26,6
DA:27,1
DA:28,1
DA:29,3
DA:30,1
DA:31,3
LF:27
LH:27
end_of_record
TN:
SF:src/airj/type_checker.clj
DA:1,1
DA:6,2
DA:7,2
DA:9,1
DA:11,5
DA:13,1
DA:15,12
DA:17,1
DA:19,6
DA:20,3
DA:21,1
DA:22,3
DA:24,1
DA:26,4
DA:27,1
DA:29,1
DA:31,5
DA:33,1
DA:35,4
DA:36,1
DA:38,1
DA:40,6
DA:42,1
DA:44,6
DA:46,1
DA:48,7
DA:50,1
DA:52,3
DA:53,4
DA:54,3
DA:56,1
DA:58,7
DA:60,1
DA:62,4
DA:64,1
DA:66,8
DA:67,3
DA:68,3
DA:70,1
DA:72,2
DA:73,3
DA:74,3
DA:75,7
DA:76,11
DA:77,3
DA:78,3
DA:79,7
DA:80,5
DA:81,3
DA:83,1
DA:85,4
DA:86,1
DA:88,1
DA:90,9
DA:91,3
DA:92,3
DA:93,3
DA:94,3
DA:97,1
DA:99,12
DA:100,3
DA:101,2
DA:103,1
DA:105,7
DA:106,3
DA:107,7
DA:109,1
DA:111,6
DA:112,3
DA:113,7
DA:115,1
DA:117,5
DA:118,3
DA:119,4
DA:120,3
DA:121,1
DA:123,1
DA:125,5
DA:127,1
DA:129,3
DA:130,5
DA:131,4
DA:132,1
DA:133,1
DA:135,1
DA:137,6
DA:138,1
DA:139,7
DA:141,1
DA:143,3
DA:144,1
DA:145,1
DA:146,1
DA:147,5
DA:148,1
DA:149,1
DA:151,1
DA:153,2
DA:154,12
DA:155,1
DA:156,5
DA:157,1
DA:159,1
DA:161,8
DA:162,3
DA:163,11
DA:164,4
DA:165,3
DA:166,3
DA:167,9
DA:168,1
DA:169,4
DA:170,3
DA:171,1
DA:173,1
DA:175,6
DA:176,3
DA:177,3
DA:178,5
DA:179,0
DA:180,0
DA:181,0
DA:182,0
DA:183,0
DA:184,0
DA:185,0
DA:186,0
DA:187,0
DA:189,1
DA:191,6
DA:192,3
DA:193,0
DA:194,0
DA:195,7
DA:196,0
DA:197,0
DA:198,7
DA:199,4
DA:200,3
DA:201,6
DA:202,3
DA:203,6
DA:204,4
DA:205,6
DA:206,3
DA:207,34
DA:208,5
DA:209,5
DA:210,7
DA:211,3
DA:212,3
DA:213,6
DA:215,1
DA:217,8
DA:218,7
DA:219,7
DA:220,6
DA:221,3
DA:222,3
DA:223,10
DA:225,1
DA:227,8
DA:228,3
DA:229,4
DA:230,3
DA:231,1
DA:232,1
DA:233,7
DA:234,3
DA:235,5
DA:236,7
DA:237,3
DA:238,3
DA:239,1
DA:241,1
DA:243,8
DA:244,8
DA:245,3
DA:246,3
DA:247,6
DA:248,4
DA:249,5
DA:250,34
DA:251,3
DA:252,5
DA:253,6
DA:254,1
DA:255,6
DA:257,1
DA:259,4
DA:260,9
DA:261,1
DA:262,3
DA:263,7
DA:264,5
DA:265,1
DA:266,3
DA:267,10
DA:268,3
DA:269,3
DA:270,1
DA:272,1
DA:274,8
DA:275,4
DA:276,7
DA:278,1
DA:280,4
DA:281,7
DA:282,1
DA:283,3
DA:284,9
DA:285,1
DA:287,1
DA:289,3
DA:290,7
DA:291,4
DA:292,3
DA:294,1
DA:296,5
DA:297,7
DA:298,5
DA:299,5
DA:300,9
DA:302,1
DA:304,9
DA:305,3
DA:306,5
DA:307,8
DA:308,7
DA:309,5
DA:310,4
DA:312,1
DA:314,4
DA:315,6
DA:316,3
DA:317,1
DA:318,8
DA:319,3
DA:320,1
DA:321,6
DA:322,4
DA:323,1
DA:324,3
DA:325,8
DA:326,7
DA:327,4
DA:329,1
DA:331,4
DA:332,3
DA:333,0
DA:334,0
DA:335,4
DA:336,4
DA:337,3
DA:338,32
DA:339,3
DA:340,7
DA:341,4
DA:342,1
DA:343,6
DA:345,1
DA:347,8
DA:348,3
DA:349,10
DA:350,7
DA:351,3
DA:352,26
DA:353,7
DA:354,9
DA:355,5
DA:356,5
DA:357,7
DA:358,1
DA:359,1
DA:360,1
DA:362,1
DA:364,7
DA:365,6
DA:367,1
DA:369,28
DA:370,5
DA:371,9
DA:373,1
DA:375,7
DA:376,9
DA:377,4
DA:378,3
DA:379,37
DA:380,6
DA:381,6
DA:382,0
DA:383,0
DA:384,0
DA:385,0
DA:386,0
DA:387,9
DA:389,1
DA:391,9
DA:392,4
DA:393,3
DA:394,37
DA:395,6
DA:396,6
DA:397,0
DA:398,0
DA:399,0
DA:400,0
DA:401,0
DA:402,9
DA:404,1
DA:406,7
DA:407,6
DA:409,1
DA:411,7
DA:412,8
DA:413,8
DA:414,0
DA:415,0
DA:416,0
DA:417,0
DA:418,4
DA:420,1
DA:421,27
DA:422,1
DA:423,1
DA:424,1
DA:425,1
DA:426,1
DA:427,1
DA:428,1
DA:429,1
DA:430,1
DA:431,1
DA:432,1
DA:433,1
DA:434,1
DA:435,1
DA:436,1
DA:437,1
DA:438,1
DA:439,1
DA:440,1
DA:441,1
DA:443,1
DA:445,8
DA:446,4
DA:447,10
DA:448,5
DA:449,0
DA:450,0
DA:452,1
DA:454,7
DA:456,1
DA:458,10
DA:459,3
DA:460,1
DA:462,1
DA:464,4
DA:465,9
DA:466,6
DA:467,3
DA:468,7
DA:469,33
DA:470,3
DA:471,1
DA:472,1
DA:473,6
DA:474,1
DA:475,5
DA:476,1
DA:477,5
DA:479,1
DA:481,4
DA:482,28
DA:483,7
DA:484,5
DA:485,1
LF:377
LH:346
end_of_record
TN:
SF:src/airj/interface_sources.clj
DA:1,1
DA:6,1
DA:8,4
DA:9,1
DA:10,1
DA:11,1
DA:13,1
DA:15,3
DA:16,3
DA:17,5
DA:18,1
LF:11
LH:11
end_of_record
TN:
SF:src/airj/module_interface.clj
DA:1,1
DA:3,1
DA:5,6
DA:6,12
DA:8,2
DA:10,3
DA:12,6
DA:13,3
DA:14,5
DA:15,3
DA:16,6
DA:17,3
DA:18,3
DA:20,3
DA:22,0
DA:23,0
DA:24,0
DA:26,3
DA:28,6
DA:29,3
DA:30,5
DA:31,3
DA:32,6
DA:33,3
DA:34,6
DA:35,3
DA:36,3
DA:37,3
DA:39,3
DA:41,7
DA:42,3
DA:43,3
DA:44,6
DA:45,3
DA:46,3
DA:47,3
DA:48,5
DA:50,1
DA:52,8
DA:53,5
DA:54,5
DA:55,6
LF:42
LH:39
end_of_record
TN:
SF:src/airj/normalizer.clj
DA:1,1
DA:4,1
DA:5,9
DA:10,1
DA:12,3
DA:14,1
DA:16,3
DA:17,5
DA:18,8
DA:20,9
DA:21,5
DA:22,0
DA:23,1
DA:25,1
DA:27,6
DA:28,10
DA:29,1
DA:31,1
DA:33,3
DA:34,9
DA:35,9
DA:36,4
DA:37,3
DA:38,3
DA:39,7
DA:40,5
DA:41,1
LF:27
LH:26
end_of_record
TN:
SF:src/airj/compiler.clj
DA:1,1
DA:18,2
DA:20,1
DA:22,0
DA:24,7
DA:25,1
DA:26,4
DA:27,1
DA:28,1
DA:29,1
DA:30,1
DA:31,1
DA:32,3
DA:33,3
DA:35,1
DA:37,0
DA:39,6
DA:40,1
DA:41,4
DA:42,1
DA:43,1
DA:44,1
DA:45,1
DA:46,1
DA:48,1
DA:50,4
DA:52,2
DA:53,1
DA:54,3
DA:56,1
DA:58,5
DA:59,3
DA:60,3
DA:61,3
DA:62,4
DA:63,1
DA:64,1
DA:66,1
DA:68,8
DA:69,4
DA:71,1
DA:73,6
DA:74,1
DA:76,1
DA:78,8
DA:79,0
DA:81,1
DA:83,0
DA:84,0
DA:86,1
DA:88,0
DA:89,0
DA:91,1
DA:93,4
DA:94,1
DA:95,1
DA:96,1
DA:98,1
DA:100,7
DA:102,1
DA:104,26
DA:105,5
DA:106,3
DA:107,7
DA:108,2
DA:109,3
DA:110,3
DA:111,7
DA:112,1
DA:114,1
DA:116,5
DA:118,2
DA:119,3
DA:120,2
DA:122,1
DA:124,6
DA:125,6
DA:126,2
DA:128,1
DA:130,8
DA:132,1
DA:134,11
DA:135,12
DA:137,2
DA:138,6
DA:140,3
DA:141,3
DA:143,1
DA:145,0
DA:147,5
DA:149,4
DA:150,4
DA:152,4
DA:153,2
DA:154,3
DA:155,2
DA:156,6
DA:157,3
DA:158,5
DA:159,8
DA:160,4
DA:162,1
DA:164,0
DA:166,5
DA:168,4
DA:169,4
DA:170,3
DA:171,5
DA:172,2
DA:173,6
DA:174,3
DA:175,5
DA:176,0
DA:177,4
DA:179,1
DA:181,0
DA:183,5
DA:185,4
DA:186,4
DA:187,3
DA:188,5
DA:189,2
DA:190,6
DA:191,3
DA:192,5
DA:193,0
DA:194,4
LF:127
LH:115
end_of_record
TN:
SF:src/airj/jvm_emitter.clj
DA:1,1
DA:10,2
DA:11,2
DA:12,2
DA:13,2
DA:14,2
DA:15,2
DA:17,1
DA:18,7
DA:22,1
DA:23,4
DA:24,1
DA:26,1
DA:27,4
DA:28,1
DA:30,1
DA:31,5
DA:32,1
DA:33,1
DA:35,1
DA:37,0
DA:39,1
DA:41,5
DA:43,6
DA:45,1
DA:47,4
DA:48,10
DA:51,1
DA:53,3
DA:55,1
DA:57,4
DA:58,10
DA:60,3
DA:62,1
DA:64,4
DA:66,1
DA:68,4
DA:70,1
DA:72,4
DA:74,1
DA:76,6
DA:77,3
DA:78,8
DA:79,3
DA:80,1
DA:81,2
DA:83,1
DA:85,6
DA:86,3
DA:87,9
DA:88,3
DA:89,1
DA:90,3
DA:92,1
DA:94,5
DA:96,1
DA:98,4
DA:100,1
DA:102,5
DA:104,1
DA:106,13
DA:107,0
DA:108,0
DA:109,5
DA:111,1
DA:113,28
DA:114,5
DA:115,2
DA:116,1
DA:117,3
DA:118,5
DA:119,4
DA:120,9
DA:122,5
DA:125,1
DA:127,28
DA:128,5
DA:129,2
DA:130,1
DA:131,3
DA:132,5
DA:133,4
DA:134,9
DA:136,5
DA:139,1
DA:141,5
DA:142,2
DA:143,28
DA:144,5
DA:145,3
DA:146,1
DA:147,3
DA:149,4
DA:150,9
DA:154,1
DA:156,2
DA:157,1
DA:158,7
DA:159,3
DA:160,7
DA:161,3
DA:162,2
DA:163,7
DA:164,2
DA:166,1
DA:168,4
DA:170,1
DA:172,1
DA:174,5
DA:175,11
DA:176,2
DA:178,1
DA:180,1
DA:181,3
DA:182,5
DA:183,11
DA:184,2
DA:185,2
DA:186,6
DA:187,4
DA:188,1
DA:189,3
DA:190,5
DA:191,9
DA:193,1
DA:195,3
DA:196,7
DA:197,5
DA:198,6
DA:199,5
DA:200,1
DA:201,1
DA:203,1
DA:205,3
DA:206,7
DA:207,5
DA:208,6
DA:209,3
DA:210,1
DA:211,1
DA:213,1
DA:215,7
DA:216,5
DA:217,6
DA:218,7
DA:219,0
DA:221,1
DA:223,5
DA:224,8
DA:225,4
DA:226,8
DA:227,0
DA:228,5
DA:230,1
DA:232,4
DA:233,8
DA:234,0
DA:235,0
DA:236,0
DA:237,0
DA:238,0
DA:240,1
DA:242,7
DA:243,28
DA:244,5
DA:245,7
DA:247,1
DA:249,4
DA:250,10
DA:253,1
DA:255,5
DA:256,2
DA:257,28
DA:258,5
DA:259,3
DA:260,1
DA:261,3
DA:263,5
DA:266,1
DA:268,7
DA:269,1
DA:270,1
DA:271,5
DA:272,5
DA:273,5
DA:275,1
DA:277,5
DA:279,1
DA:281,7
DA:282,5
DA:284,1
DA:286,7
DA:287,5
DA:288,1
DA:289,1
DA:290,3
DA:291,5
DA:292,5
DA:294,1
DA:296,0
DA:297,0
DA:298,0
DA:299,0
DA:300,0
DA:301,0
DA:302,0
DA:303,0
DA:304,0
DA:305,0
DA:307,1
DA:309,2
DA:311,1
DA:313,3
DA:314,7
DA:315,5
DA:316,6
DA:317,5
DA:318,1
DA:319,1
DA:321,1
DA:323,5
DA:325,1
DA:327,9
DA:328,7
DA:329,5
DA:331,1
DA:333,2
DA:334,8
DA:335,7
DA:336,36
DA:337,2
DA:338,7
DA:339,3
DA:340,3
DA:341,4
DA:342,2
DA:343,7
DA:344,28
DA:345,5
DA:346,7
DA:347,3
DA:348,2
DA:350,1
DA:352,9
DA:353,0
DA:354,0
DA:356,1
DA:358,3
DA:359,10
DA:360,3
DA:361,2
DA:362,4
DA:363,3
DA:364,1
DA:366,1
DA:368,4
DA:369,6
DA:370,32
DA:371,5
DA:372,5
DA:373,25
DA:374,3
DA:375,1
DA:376,3
DA:377,6
DA:378,3
DA:379,1
DA:380,5
DA:381,5
DA:382,3
DA:384,1
DA:386,7
DA:387,1
DA:388,5
DA:390,1
DA:392,7
DA:393,3
DA:394,2
DA:396,1
DA:398,3
DA:399,1
DA:400,1
DA:401,7
DA:402,1
DA:403,1
DA:404,1
DA:405,1
DA:407,1
DA:409,2
DA:410,6
DA:411,3
DA:412,3
DA:413,8
DA:414,3
DA:415,12
DA:416,1
DA:417,3
DA:418,7
DA:419,1
DA:420,5
DA:421,3
DA:422,3
DA:423,5
DA:424,6
DA:425,3
DA:426,1
DA:427,1
DA:428,2
DA:429,7
DA:431,1
DA:433,12
DA:434,5
DA:435,4
DA:436,4
DA:437,4
DA:440,1
DA:441,26
DA:442,1
DA:443,1
DA:444,1
DA:445,1
DA:446,2
DA:447,1
DA:448,1
DA:449,1
DA:450,4
DA:451,1
DA:452,1
DA:453,2
DA:454,1
DA:455,1
DA:456,1
DA:457,4
DA:458,1
DA:459,1
DA:460,5
DA:461,1
DA:462,1
DA:463,1
DA:464,1
DA:465,1
DA:466,1
DA:467,1
DA:468,1
DA:469,1
DA:470,1
DA:471,1
DA:472,1
DA:473,1
DA:474,1
DA:475,1
DA:476,4
DA:477,1
DA:479,1
DA:481,13
DA:482,5
DA:483,5
DA:484,0
DA:485,0
DA:487,1
DA:489,4
DA:491,7
DA:492,1
DA:493,3
DA:494,6
DA:495,2
DA:496,3
DA:497,1
DA:499,1
DA:501,3
DA:502,4
DA:503,1
DA:505,1
DA:507,11
DA:508,1
DA:509,3
DA:510,6
DA:511,30
DA:512,3
DA:513,7
DA:514,1
DA:515,1
DA:516,3
DA:517,5
DA:518,5
DA:519,2
DA:520,3
DA:521,1
DA:523,1
DA:525,4
DA:526,4
DA:527,1
DA:528,3
DA:529,3
DA:533,28
DA:534,3
DA:535,3
DA:536,5
DA:537,5
DA:540,3
DA:541,4
DA:542,1
DA:543,1
DA:545,1
DA:547,4
DA:548,4
DA:549,1
DA:550,3
DA:551,3
DA:555,3
DA:556,1
DA:557,1
DA:559,1
DA:561,4
DA:562,3
DA:563,1
DA:564,3
DA:565,3
DA:567,3
DA:569,28
DA:570,3
DA:571,3
DA:572,5
DA:573,5
DA:576,11
DA:577,1
DA:578,3
DA:579,8
DA:580,30
DA:581,3
DA:582,7
DA:583,1
DA:584,1
DA:585,3
DA:586,5
DA:587,5
DA:588,2
DA:589,3
DA:590,1
DA:591,1
DA:592,1
DA:594,1
DA:596,9
DA:597,3
DA:598,3
DA:599,5
DA:600,1
DA:603,5
DA:604,1
DA:605,7
DA:606,6
DA:607,3
DA:608,1
DA:610,1
DA:612,4
DA:613,4
DA:614,1
DA:615,3
DA:616,3
DA:620,28
DA:621,4
DA:622,4
DA:623,5
DA:624,1
DA:625,1
DA:626,1
DA:627,1
DA:629,1
DA:631,9
DA:632,3
DA:633,3
DA:634,4
DA:635,4
DA:636,2
DA:637,1
DA:638,1
DA:639,1
DA:640,3
DA:641,3
DA:642,3
DA:643,4
DA:644,4
DA:645,2
DA:646,1
DA:647,1
DA:648,12
DA:649,1
DA:650,1
DA:651,1
DA:652,1
DA:653,1
DA:654,1
DA:655,1
DA:656,1
DA:657,1
DA:658,3
DA:659,3
DA:660,3
DA:661,8
DA:662,3
DA:663,3
DA:664,2
DA:665,1
DA:666,11
DA:667,3
DA:668,4
DA:669,5
DA:670,3
DA:671,3
LF:509
LH:485
end_of_record
TN:
SF:src/airj/jvm_emit_cells.clj
DA:1,1
DA:4,1
DA:5,4
DA:6,1
DA:8,1
DA:9,4
DA:10,1
DA:12,1
DA:13,4
DA:14,1
DA:16,1
DA:18,4
DA:20,1
DA:22,4
DA:24,1
DA:26,3
DA:28,1
DA:30,2
DA:31,10
DA:32,3
DA:33,0
DA:34,0
DA:35,0
DA:36,0
DA:37,0
DA:38,0
DA:39,2
DA:40,2
DA:41,7
DA:42,6
DA:44,1
DA:46,9
DA:47,3
DA:48,2
DA:49,6
DA:51,1
DA:53,9
DA:54,3
DA:55,2
DA:56,7
DA:57,6
LF:41
LH:35
end_of_record
TN:
SF:src/airj/java_types.clj
DA:2,1
DA:4,1
DA:5,5
DA:6,1
DA:7,1
DA:9,1
DA:11,5
DA:13,1
DA:15,9
DA:16,5
DA:18,1
DA:20,3
DA:21,7
DA:22,4
DA:23,8
DA:26,1
DA:28,4
DA:29,3
DA:30,3
DA:31,11
DA:32,9
DA:33,2
LF:22
LH:22
end_of_record
TN:
SF:src/airj/java_effects.clj
DA:2,1
DA:4,1
DA:5,7
DA:7,1
DA:8,5
DA:10,1
DA:12,3
DA:13,4
DA:14,3
DA:15,3
DA:16,3
DA:18,1
DA:20,3
DA:21,4
DA:22,3
DA:23,3
DA:25,1
DA:27,4
DA:28,1
DA:29,2
DA:31,1
DA:33,4
DA:34,1
DA:35,2
DA:37,1
DA:39,4
DA:40,2
DA:41,1
DA:43,1
DA:45,4
DA:46,3
DA:47,3
DA:49,1
DA:51,5
DA:52,2
DA:53,3
DA:54,3
DA:55,0
DA:57,1
DA:59,7
DA:61,1
DA:63,5
DA:64,2
DA:65,3
DA:66,0
DA:67,1
DA:68,3
DA:69,1
LF:48
LH:46
end_of_record
TN:
SF:src/airj/cli.clj
DA:1,1
DA:13,1
DA:15,5
DA:17,1
DA:19,4
DA:20,1
DA:21,1
DA:22,1
DA:24,1
DA:26,2
DA:27,1
DA:28,4
DA:29,1
DA:31,1
DA:33,3
DA:34,1
DA:35,4
DA:36,1
DA:37,1
DA:39,1
DA:41,3
DA:42,1
DA:43,1
DA:45,1
DA:47,2
DA:48,4
DA:49,1
DA:51,1
DA:53,14
DA:54,3
DA:57,1
DA:59,4
DA:60,1
DA:61,3
DA:63,1
DA:65,3
DA:66,1
DA:67,1
DA:69,1
DA:71,3
DA:72,1
DA:73,1
DA:75,1
DA:77,3
DA:78,1
DA:79,1
DA:81,1
DA:83,1
DA:85,1
DA:87,5
DA:88,5
DA:89,8
DA:90,3
DA:92,5
DA:93,8
DA:94,3
DA:96,5
DA:97,8
DA:98,3
DA:100,5
DA:101,8
DA:102,3
DA:105,3
DA:107,1
DA:108,10
DA:109,4
DA:110,1
DA:111,4
DA:112,1
DA:114,1
DA:115,6
DA:116,5
DA:117,1
DA:118,1
DA:119,6
DA:120,1
DA:121,1
DA:122,1
DA:123,0
DA:124,0
DA:125,0
DA:126,0
DA:127,1
DA:128,11
DA:129,1
DA:130,1
DA:131,3
DA:134,1
DA:135,6
DA:136,5
DA:137,1
DA:138,1
DA:139,0
DA:140,0
DA:141,0
DA:142,1
DA:143,0
DA:144,0
DA:145,0
DA:146,0
DA:147,1
DA:148,13
DA:149,3
DA:152,1
DA:154,8
DA:155,4
DA:156,0
DA:157,0
DA:159,1
DA:161,8
DA:162,5
DA:163,0
DA:164,0
DA:166,1
DA:168,3
DA:169,0
DA:170,5
DA:171,1
DA:173,1
DA:175,5
DA:177,1
DA:179,1
DA:180,2
DA:182,4
DA:183,7
DA:184,1
DA:185,1
DA:186,1
DA:188,1
DA:190,4
DA:191,4
DA:192,1
DA:193,3
DA:194,3
DA:195,1
DA:196,4
DA:198,1
DA:200,4
DA:201,3
DA:202,4
DA:203,4
DA:204,1
DA:205,8
DA:206,5
DA:207,0
DA:208,0
DA:210,1
DA:212,2
DA:213,3
DA:214,6
DA:215,5
DA:216,1
DA:217,6
DA:218,3
DA:219,1
DA:220,3
DA:221,4
DA:222,1
DA:224,1
DA:226,4
DA:227,5
DA:228,3
DA:229,5
DA:231,3
DA:232,5
DA:234,4
DA:235,6
DA:237,5
DA:238,6
DA:241,4
DA:242,6
DA:244,1
DA:246,2
DA:247,5
DA:249,1
DA:251,5
DA:252,3
DA:254,3
DA:255,2
DA:256,3
DA:257,9
DA:259,3
DA:260,7
DA:263,0
DA:265,1
DA:267,4
DA:268,4
DA:269,3
DA:270,0
DA:272,1
DA:274,2
DA:275,8
DA:278,10
DA:279,5
LF:194
LH:174
end_of_record
TN:
SF:src/airj/project_files.clj
DA:1,1
DA:7,1
DA:9,7
DA:10,2
DA:12,1
DA:14,6
DA:15,3
DA:16,3
DA:17,5
DA:18,1
DA:20,1
DA:22,6
DA:24,1
DA:26,6
DA:27,1
DA:29,1
DA:31,6
DA:32,1
LF:18
LH:18
end_of_record
TN:
SF:src/airj/expr_walker.clj
DA:2,1
DA:4,1
DA:6,5
DA:7,11
DA:8,3
DA:9,1
DA:10,1
DA:12,0
DA:14,5
LF:9
LH:8
end_of_record
TN:
SF:src/airj/java_resolver.clj
DA:1,1
DA:7,1
DA:9,5
DA:11,1
DA:13,12
DA:15,1
DA:17,4
DA:18,8
DA:19,3
DA:20,1
DA:22,1
DA:24,7
DA:25,3
DA:26,3
DA:28,1
DA:30,1
DA:31,3
DA:33,3
DA:34,3
DA:36,1
DA:38,7
DA:39,0
DA:40,0
DA:42,1
DA:44,3
DA:46,1
DA:48,6
DA:49,5
DA:50,0
DA:51,0
DA:52,6
DA:53,3
DA:55,1
DA:57,6
DA:58,5
DA:59,11
DA:60,3
DA:61,8
DA:62,0
DA:63,0
DA:64,0
DA:66,1
DA:68,8
DA:69,8
DA:70,6
DA:71,3
DA:72,3
DA:73,3
DA:74,5
DA:75,3
DA:76,3
DA:78,1
DA:80,6
DA:81,7
DA:82,3
DA:83,3
DA:84,0
DA:85,0
DA:86,0
DA:87,0
DA:88,0
DA:90,1
DA:92,8
DA:93,8
DA:94,6
DA:95,3
DA:96,3
DA:97,3
DA:98,5
DA:99,3
DA:100,3
DA:102,1
DA:104,8
DA:105,8
DA:106,5
DA:107,3
DA:108,3
DA:109,0
DA:110,0
DA:111,0
DA:112,0
DA:114,1
DA:116,22
DA:117,28
DA:118,4
DA:119,6
DA:120,1
DA:121,6
DA:122,28
DA:123,4
DA:124,6
DA:125,1
DA:126,28
DA:127,4
DA:128,6
DA:129,1
DA:130,6
DA:131,6
DA:132,1
DA:133,6
DA:134,6
DA:135,6
DA:136,1
DA:137,6
DA:138,28
DA:139,4
DA:140,1
DA:141,0
DA:142,0
DA:143,1
DA:144,28
DA:145,4
DA:146,1
DA:147,6
DA:148,1
DA:149,6
DA:150,6
DA:151,6
DA:152,1
DA:153,6
DA:154,28
DA:155,6
DA:156,1
DA:157,28
DA:158,6
DA:159,6
DA:160,1
DA:161,28
DA:162,4
DA:163,1
DA:164,6
DA:165,1
DA:166,6
DA:167,28
DA:168,6
DA:169,9
DA:170,4
DA:171,1
DA:172,6
DA:173,1
DA:174,6
DA:175,1
DA:176,28
DA:177,6
DA:178,6
DA:179,1
DA:180,28
DA:181,4
DA:182,1
DA:183,6
DA:185,1
DA:187,5
DA:188,3
DA:189,3
DA:190,7
DA:191,3
DA:192,3
DA:193,3
DA:194,4
DA:195,6
DA:196,6
DA:197,3
DA:198,5
DA:199,11
DA:200,1
DA:202,1
DA:204,5
DA:205,4
DA:206,4
DA:208,1
DA:210,4
DA:211,3
DA:212,28
DA:213,7
DA:214,5
DA:215,1
LF:176
LH:158
end_of_record
TN:
SF:src/airj/jvm_emit_try.clj
DA:1,1
DA:4,1
DA:6,7
DA:7,3
DA:8,6
DA:9,7
DA:10,5
DA:11,4
DA:12,4
DA:13,11
DA:14,1
DA:15,1
DA:16,6
DA:17,7
DA:18,6
DA:19,5
DA:20,3
DA:21,1
DA:22,1
DA:23,7
DA:25,1
DA:27,32
DA:28,7
DA:29,3
DA:30,5
DA:31,26
DA:32,5
DA:34,1
DA:36,3
DA:37,7
DA:39,1
DA:41,3
DA:42,7
DA:44,1
DA:46,8
DA:47,0
DA:48,2
DA:49,1
DA:50,0
DA:51,4
DA:52,3
DA:53,5
DA:54,4
DA:55,3
DA:57,1
DA:59,4
DA:60,11
DA:61,12
DA:62,4
DA:63,9
DA:64,9
DA:65,12
DA:66,5
DA:68,1
DA:70,2
DA:71,6
DA:72,1
DA:73,3
DA:74,3
DA:75,7
DA:76,2
DA:77,9
DA:78,12
DA:79,7
DA:80,2
DA:81,9
DA:82,7
DA:83,12
DA:84,5
DA:86,1
DA:88,9
DA:89,4
DA:90,7
DA:91,9
DA:92,7
DA:93,2
DA:95,1
DA:97,8
DA:98,5
DA:99,6
DA:100,25
DA:101,3
DA:102,3
DA:103,3
DA:104,3
DA:105,9
DA:106,6
DA:107,4
LF:88
LH:86
end_of_record
TN:
SF:src/airj/exhaustiveness_checker.clj
DA:1,1
DA:6,2
DA:7,1
DA:9,5
DA:11,1
DA:13,12
DA:15,1
DA:17,6
DA:18,3
DA:19,1
DA:20,3
DA:22,1
DA:24,3
DA:25,3
DA:26,4
DA:27,8
DA:28,3
DA:29,3
DA:30,11
DA:32,1
DA:34,6
DA:35,1
DA:37,1
DA:39,5
DA:41,1
DA:43,13
DA:44,5
DA:45,6
DA:47,1
DA:49,7
DA:50,3
DA:52,1
DA:54,7
DA:55,3
DA:57,1
DA:59,7
DA:60,3
DA:62,1
DA:64,5
DA:65,6
DA:66,5
DA:67,6
DA:68,10
DA:69,8
DA:72,1
DA:74,9
DA:75,2
DA:77,1
DA:79,6
DA:81,1
DA:83,9
DA:85,1
DA:87,13
DA:88,5
DA:89,3
DA:91,1
DA:93,20
DA:94,10
DA:95,13
DA:96,8
DA:98,1
DA:100,8
DA:101,12
DA:102,3
DA:103,4
DA:104,11
DA:105,6
DA:106,3
DA:107,4
DA:108,1
DA:109,28
DA:110,5
DA:111,8
DA:113,1
DA:115,1
DA:117,1
DA:119,6
DA:120,1
DA:121,9
DA:123,1
DA:125,3
DA:126,1
DA:127,1
DA:128,1
DA:129,5
DA:130,1
DA:131,1
DA:133,1
DA:135,3
DA:136,3
DA:137,5
DA:138,7
DA:139,1
DA:140,1
DA:142,1
DA:144,22
DA:145,6
DA:146,28
DA:147,4
DA:148,1
DA:149,0
DA:150,0
DA:151,1
DA:152,28
DA:153,4
DA:154,1
DA:155,6
DA:156,1
DA:157,6
DA:158,6
DA:159,6
DA:160,7
DA:161,1
DA:162,28
DA:163,6
DA:164,5
DA:165,7
DA:166,2
DA:167,3
DA:168,4
DA:169,6
DA:170,3
DA:171,5
DA:172,5
DA:173,1
DA:174,1
DA:175,3
DA:177,1
DA:178,4
DA:179,11
DA:180,1
DA:181,3
DA:182,6
DA:183,1
DA:184,6
DA:185,28
DA:186,5
DA:187,11
DA:188,9
DA:189,4
DA:190,1
DA:191,6
DA:192,1
DA:193,6
DA:194,1
DA:195,8
DA:196,28
DA:197,6
DA:198,6
DA:199,1
DA:200,28
DA:201,4
DA:202,1
DA:203,6
DA:204,1
DA:205,28
DA:206,4
DA:207,1
DA:208,6
DA:209,28
DA:210,4
DA:211,1
DA:212,28
DA:213,4
DA:214,1
DA:215,6
DA:216,1
DA:217,6
DA:218,6
DA:220,1
DA:222,7
DA:224,1
DA:226,4
DA:227,11
DA:228,3
DA:229,3
DA:230,7
DA:232,1
DA:234,4
DA:235,28
DA:236,7
DA:237,4
DA:238,1
LF:183
LH:181
end_of_record
TN:
SF:src/airj/patterns.clj
DA:2,1
DA:4,2
DA:6,1
DA:8,3
DA:10,1
DA:12,3
DA:13,7
DA:14,3
DA:15,3
DA:17,1
DA:19,14
DA:21,1
DA:23,8
DA:25,1
DA:27,5
DA:28,13
DA:29,5
DA:30,5
DA:32,1
DA:34,5
DA:35,1
DA:36,1
DA:38,1
DA:40,5
DA:41,7
DA:42,0
DA:43,0
DA:44,0
DA:45,7
DA:46,4
DA:47,4
DA:48,3
DA:49,0
DA:50,0
DA:51,0
DA:52,6
DA:53,5
DA:54,6
DA:55,1
DA:56,1
DA:57,1
DA:58,3
DA:59,3
DA:60,1
DA:61,3
DA:62,1
DA:63,1
DA:64,1
DA:65,9
DA:67,1
DA:69,7
DA:70,4
DA:71,5
DA:72,4
DA:73,3
DA:74,3
DA:75,3
DA:76,1
DA:77,1
DA:78,1
DA:80,1
DA:82,7
DA:83,0
DA:84,0
DA:85,0
DA:86,0
DA:87,5
DA:88,7
DA:89,0
DA:90,0
DA:91,0
DA:92,3
DA:93,8
DA:94,1
DA:95,3
DA:97,1
DA:99,6
DA:100,5
DA:101,0
DA:102,5
DA:103,6
DA:104,7
DA:105,7
DA:106,0
DA:107,0
LF:85
LH:69
end_of_record
TN:
SF:src/airj/jvm_class_writer.clj
DA:1,1
DA:4,1
DA:6,7
DA:7,3
DA:8,3
DA:9,5
DA:10,3
DA:11,3
DA:12,3
DA:13,8
DA:14,3
DA:15,7
DA:16,3
DA:17,3
DA:19,1
DA:21,2
DA:22,1
DA:23,2
DA:24,1
DA:26,1
DA:28,1
DA:30,4
DA:31,3
DA:32,3
DA:33,3
DA:34,7
DA:35,12
DA:38,1
DA:40,4
DA:41,11
DA:42,1
DA:44,5
LF:32
LH:32
end_of_record
TN:
SF:src/airj/jvm_closures.clj
DA:1,1
DA:5,1
DA:6,7
DA:10,1
DA:12,0
DA:13,0
DA:14,0
DA:17,1
DA:19,7
DA:20,0
DA:21,0
DA:22,0
DA:23,0
DA:25,1
DA:27,5
DA:29,2
DA:31,10
DA:32,6
DA:34,1
DA:36,9
DA:37,6
DA:38,2
DA:39,11
DA:40,1
DA:42,3
DA:43,1
DA:44,1
DA:46,1
DA:48,7
DA:49,6
DA:51,1
DA:53,1
DA:55,2
DA:56,1
DA:57,10
DA:58,6
DA:59,1
DA:61,1
DA:63,4
DA:64,9
DA:65,1
DA:66,3
DA:67,6
DA:68,3
DA:69,6
DA:70,4
DA:71,3
DA:72,1
DA:73,6
DA:74,6
DA:76,1
DA:78,13
DA:79,6
DA:80,6
DA:81,3
DA:82,10
DA:83,6
DA:84,10
DA:85,1
DA:87,1
DA:88,1
DA:89,1
DA:90,9
DA:91,5
DA:92,3
DA:93,1
DA:94,1
DA:95,3
DA:96,5
DA:97,3
DA:98,3
DA:99,1
DA:100,1
DA:101,6
DA:102,1
DA:103,1
DA:104,1
DA:106,2
DA:108,1
DA:110,3
DA:111,6
DA:112,1
DA:113,4
DA:114,1
DA:115,1
DA:117,1
DA:119,3
DA:120,7
DA:121,1
DA:122,1
DA:124,1
DA:126,23
DA:128,1
DA:130,7
DA:131,1
DA:132,4
DA:134,1
DA:136,3
DA:137,12
DA:138,6
DA:139,4
DA:140,1
DA:141,1
DA:143,1
DA:145,7
DA:146,9
DA:148,1
DA:150,0
DA:151,0
DA:153,1
DA:155,0
DA:156,0
DA:157,0
DA:158,0
DA:159,0
DA:160,0
DA:161,0
DA:163,1
DA:164,23
DA:165,2
DA:166,1
DA:167,8
DA:168,6
DA:169,1
DA:170,13
DA:171,1
DA:172,1
DA:173,0
DA:174,1
DA:175,0
DA:176,1
DA:177,0
DA:178,1
DA:179,0
DA:180,1
DA:181,0
DA:182,1
DA:183,0
DA:184,0
DA:185,0
DA:186,0
DA:187,1
DA:188,1
DA:189,0
DA:190,1
DA:191,0
DA:192,1
DA:193,1
DA:194,0
DA:195,0
DA:196,0
DA:197,1
DA:198,0
DA:199,1
DA:200,0
DA:201,0
DA:202,1
DA:203,0
DA:204,1
DA:205,0
DA:206,1
DA:207,0
DA:208,0
DA:210,1
DA:212,4
DA:213,1
DA:214,10
DA:215,4
DA:216,0
DA:218,1
DA:220,13
DA:221,6
DA:222,6
DA:223,3
DA:224,9
DA:225,13
DA:226,5
DA:227,6
DA:228,3
DA:229,3
DA:230,7
DA:231,4
DA:232,4
DA:233,6
DA:234,1
DA:235,1
DA:236,2
DA:237,3
DA:238,1
DA:239,1
DA:240,3
DA:241,8
DA:242,3
DA:243,3
DA:244,3
DA:245,6
DA:246,3
DA:247,6
DA:248,1
DA:249,1
DA:250,1
DA:251,1
DA:252,3
DA:253,9
DA:254,1
DA:255,3
DA:256,6
DA:257,10
DA:258,1
DA:260,10
DA:261,10
DA:262,1
DA:263,6
DA:264,6
DA:265,1
DA:266,3
DA:267,4
DA:268,5
DA:269,3
DA:270,3
DA:271,10
DA:272,1
DA:273,1
LF:223
LH:185
end_of_record
TN:
SF:src/airj/jvm_lowerer.clj
DA:1,1
DA:6,1
DA:8,6
DA:9,6
DA:11,1
DA:13,7
DA:14,8
DA:15,10
DA:17,1
DA:19,7
DA:20,8
DA:21,5
DA:23,1
DA:25,7
DA:26,9
DA:27,10
DA:29,1
DA:31,7
DA:32,8
DA:33,13
DA:35,1
DA:37,2
DA:38,8
DA:39,2
DA:41,1
DA:43,4
DA:44,10
DA:45,1
DA:46,3
DA:47,3
DA:48,3
DA:49,3
DA:50,1
DA:51,5
DA:52,3
DA:53,3
DA:54,7
DA:55,3
DA:56,10
DA:57,5
DA:58,10
DA:59,6
DA:60,5
DA:61,6
DA:62,19
DA:63,3
DA:64,5
DA:65,5
DA:66,11
DA:67,11
DA:68,11
DA:69,7
DA:70,7
DA:71,15
DA:72,7
DA:73,8
LF:56
LH:56
end_of_record
TN:
SF:src/airj/linker.clj
DA:1,1
DA:4,1
DA:6,5
DA:7,3
DA:8,1
DA:10,1
DA:12,0
DA:14,4
DA:15,7
DA:16,1
DA:17,2
LF:11
LH:10
end_of_record
TN:
SF:src/airj/jvm_emit_closures.clj
DA:1,1
DA:4,1
DA:6,5
DA:7,2
DA:8,28
DA:9,5
DA:10,3
DA:11,1
DA:12,3
DA:14,5
DA:17,1
DA:19,7
DA:20,28
DA:21,5
DA:22,2
DA:23,1
DA:24,3
DA:25,3
DA:26,4
DA:27,9
DA:29,5
DA:32,1
DA:34,4
DA:35,1
DA:36,5
DA:37,3
DA:41,3
DA:42,3
DA:43,3
DA:44,5
DA:45,3
DA:46,3
DA:47,3
DA:50,1
DA:51,1
DA:53,1
DA:58,8
DA:59,3
DA:60,1
DA:61,3
DA:62,3
DA:65,1
DA:66,28
DA:67,3
DA:68,3
DA:69,5
DA:70,5
DA:73,5
DA:74,1
DA:76,5
DA:79,1
DA:80,3
DA:81,6
DA:82,30
DA:83,3
DA:84,7
DA:85,1
DA:86,1
DA:87,3
DA:88,5
DA:89,5
DA:90,2
DA:91,3
DA:92,1
DA:93,4
DA:94,1
DA:95,3
DA:96,8
DA:99,8
DA:100,3
DA:102,1
DA:103,28
DA:104,9
DA:105,3
DA:106,1
DA:107,1
DA:108,3
DA:109,5
DA:110,5
DA:111,5
DA:112,7
DA:113,6
DA:114,3
DA:115,1
DA:116,1
DA:117,1
LF:86
LH:86
end_of_record
TN:
SF:src/airj/jvm_lowerer_expr.clj
DA:1,1
DA:7,2
DA:8,2
DA:10,1
DA:12,6
DA:13,9
DA:14,1
DA:16,9
DA:17,1
DA:19,10
DA:22,10
DA:27,1
DA:29,7
DA:30,3
DA:32,1
DA:34,11
DA:35,6
DA:36,3
DA:37,6
DA:38,4
DA:39,12
DA:40,9
DA:41,8
DA:42,1
DA:43,5
DA:44,1
DA:45,1
DA:46,5
DA:47,3
DA:48,9
DA:50,1
DA:52,6
DA:53,6
DA:54,10
DA:55,6
DA:57,1
DA:59,9
DA:60,5
DA:61,3
DA:62,12
DA:63,6
DA:64,8
DA:65,6
DA:67,1
DA:69,11
DA:70,4
DA:71,4
DA:73,10
DA:74,6
DA:75,8
DA:76,6
DA:78,1
DA:80,4
DA:81,3
DA:82,4
DA:83,5
DA:84,3
DA:85,3
DA:86,1
DA:87,1
DA:88,1
DA:89,1
DA:91,4
DA:92,6
DA:93,3
DA:94,1
DA:95,1
DA:96,1
DA:97,1
DA:99,4
DA:100,10
DA:102,8
DA:103,11
DA:106,0
DA:107,0
DA:109,1
DA:111,9
DA:112,6
DA:113,11
DA:114,10
DA:115,8
DA:117,1
DA:119,7
DA:120,5
DA:121,6
DA:122,6
DA:123,3
DA:124,9
DA:126,1
DA:128,7
DA:129,6
DA:130,6
DA:131,6
DA:132,7
DA:134,1
DA:136,1
DA:137,3
DA:138,5
DA:139,6
DA:140,3
DA:141,3
DA:142,3
DA:143,1
DA:144,6
DA:145,3
DA:146,3
DA:147,5
DA:148,1
DA:149,7
DA:151,1
DA:153,1
DA:154,3
DA:155,7
DA:156,7
DA:157,8
DA:158,3
DA:159,1
DA:160,1
DA:161,7
DA:162,2
DA:163,3
DA:164,10
DA:165,6
DA:166,1
DA:167,3
DA:168,3
DA:169,6
DA:170,7
DA:171,4
DA:172,1
DA:173,6
DA:174,1
DA:175,1
DA:176,1
DA:178,1
DA:180,8
DA:181,8
DA:182,3
DA:183,12
DA:184,8
DA:185,10
DA:187,1
DA:189,7
DA:190,8
DA:191,13
DA:192,10
DA:193,8
DA:195,1
DA:197,3
DA:198,1
DA:199,7
DA:200,1
DA:201,1
DA:202,1
DA:203,1
DA:205,1
DA:207,9
DA:208,3
DA:209,6
DA:210,6
DA:211,8
DA:214,1
DA:216,11
DA:217,0
DA:218,9
DA:219,3
DA:220,6
DA:221,4
DA:222,6
DA:225,1
DA:227,1
DA:228,3
DA:229,7
DA:230,6
DA:231,7
DA:232,7
DA:233,1
DA:234,4
DA:235,3
DA:236,3
DA:237,1
DA:238,4
DA:239,5
DA:240,1
DA:241,1
DA:242,3
DA:243,4
DA:244,6
DA:245,1
DA:246,6
DA:247,7
DA:249,1
DA:251,6
DA:252,10
DA:255,1
DA:257,4
DA:258,3
DA:259,0
DA:260,0
DA:262,1
DA:264,7
DA:265,6
DA:266,3
DA:267,9
DA:268,3
DA:269,5
DA:270,3
DA:271,3
DA:272,3
DA:273,3
DA:274,9
DA:275,4
DA:276,7
DA:278,1
DA:280,10
DA:281,8
DA:282,0
DA:283,0
DA:284,6
DA:285,6
DA:288,1
DA:289,20
DA:290,1
DA:291,1
DA:292,1
DA:293,1
DA:294,1
DA:295,1
DA:296,1
DA:297,1
DA:298,1
DA:299,1
DA:300,1
DA:301,1
DA:302,1
DA:303,1
DA:304,3
DA:305,1
DA:306,11
DA:307,1
DA:308,1
DA:309,1
DA:310,1
DA:311,1
DA:312,1
DA:313,1
DA:314,1
DA:315,1
DA:316,1
DA:317,1
DA:319,1
DA:321,12
DA:322,5
DA:323,4
DA:324,0
DA:325,0
DA:327,1
DA:329,6
DA:330,6
LF:259
LH:250
end_of_record
TN:
SF:src/airj/effect_checker.clj
DA:1,1
DA:10,1
DA:12,5
DA:14,1
DA:16,12
DA:18,1
DA:20,4
DA:21,3
DA:22,4
DA:23,5
DA:24,3
DA:25,7
DA:27,1
DA:29,2
DA:30,2
DA:31,3
DA:32,3
DA:33,9
DA:34,11
DA:35,3
DA:36,3
DA:37,7
DA:38,7
DA:39,3
DA:41,1
DA:43,9
DA:45,2
DA:47,1
DA:49,4
DA:50,8
DA:51,8
DA:53,9
DA:54,0
DA:58,1
DA:60,8
DA:61,7
DA:62,13
DA:63,1
DA:65,1
DA:67,6
DA:68,5
DA:69,5
DA:71,5
DA:72,5
DA:74,5
DA:75,5
DA:77,5
DA:78,0
DA:82,1
DA:84,7
DA:86,1
DA:88,12
DA:90,1
DA:92,13
DA:93,1
DA:94,3
DA:96,1
DA:98,7
DA:99,3
DA:100,3
DA:101,3
DA:102,1
DA:104,1
DA:106,8
DA:107,10
DA:108,8
DA:109,4
DA:110,0
DA:112,1
DA:114,1
DA:115,3
DA:116,9
DA:117,12
DA:118,9
DA:119,3
DA:120,9
DA:121,1
DA:122,4
DA:123,1
DA:124,3
DA:125,3
DA:126,6
DA:128,1
DA:130,22
DA:131,8
DA:132,7
DA:133,5
DA:134,1
DA:135,8
DA:136,7
DA:137,1
DA:138,8
DA:139,6
DA:140,6
DA:141,1
DA:142,8
DA:143,10
DA:144,7
DA:145,8
DA:146,1
DA:147,1
DA:148,1
DA:149,4
DA:150,6
DA:151,1
DA:152,4
DA:153,6
DA:154,1
DA:155,12
DA:156,6
DA:157,8
DA:158,1
DA:159,4
DA:160,6
DA:161,1
DA:162,8
DA:163,10
DA:164,3
DA:165,6
DA:166,5
DA:167,1
DA:168,1
DA:169,7
DA:170,7
DA:171,7
DA:172,3
DA:173,3
DA:174,3
DA:175,5
DA:176,1
DA:177,1
DA:178,1
DA:179,8
DA:180,5
DA:181,3
DA:182,3
DA:183,5
DA:184,1
DA:185,1
DA:186,7
DA:187,7
DA:188,3
DA:189,3
DA:190,3
DA:191,5
DA:192,1
DA:193,1
DA:194,7
DA:195,6
DA:196,7
DA:197,3
DA:198,3
DA:199,3
DA:200,6
DA:201,1
DA:202,1
DA:204,1
DA:206,12
DA:209,1
DA:211,6
DA:212,1
DA:214,1
DA:216,33
DA:217,9
DA:218,3
DA:219,6
DA:220,1
DA:222,1
DA:224,5
DA:225,9
DA:226,3
DA:227,5
DA:229,1
DA:231,4
DA:232,4
DA:233,28
DA:234,7
DA:235,5
DA:236,1
LF:179
LH:176
end_of_record
TN:
SF:src/airj/java_members.clj
DA:2,1
DA:6,1
DA:8,9
DA:9,5
DA:11,1
DA:13,1
DA:14,3
DA:16,0
DA:17,0
DA:19,1
DA:21,9
DA:22,1
DA:23,1
DA:24,3
DA:25,3
DA:26,1
DA:27,1
DA:29,1
DA:31,8
DA:32,1
DA:33,1
DA:34,3
DA:35,1
DA:36,1
DA:38,1
DA:40,6
DA:41,1
DA:42,3
DA:43,1
DA:45,1
DA:47,4
DA:48,3
DA:49,12
DA:50,7
DA:51,4
DA:52,1
DA:54,1
DA:56,4
DA:57,3
DA:58,3
DA:59,23
DA:60,3
DA:61,5
DA:62,8
DA:63,2
DA:64,5
DA:65,1
DA:67,1
DA:69,4
DA:70,3
DA:71,3
DA:72,3
DA:73,23
DA:74,5
DA:75,5
DA:76,8
DA:77,2
DA:78,5
DA:79,1
DA:81,1
DA:83,4
DA:84,3
DA:85,3
DA:86,3
DA:87,15
DA:88,5
DA:89,2
DA:90,5
DA:91,1
LF:69
LH:67
end_of_record
TN:
SF:src/airj/parser.clj
DA:1,1
DA:4,2
DA:5,2
DA:7,1
DA:9,3
DA:10,5
DA:11,1
DA:12,3
DA:13,1
DA:14,4
DA:15,0
DA:16,0
DA:17,4
DA:18,1
DA:19,0
DA:20,0
DA:22,1
DA:24,8
DA:25,4
DA:26,5
DA:27,3
DA:28,1
DA:30,1
DA:32,4
DA:33,6
DA:35,1
DA:37,4
DA:38,5
DA:40,1
DA:42,4
DA:43,1
DA:45,1
DA:47,5
DA:48,4
DA:49,1
DA:51,1
DA:53,4
DA:54,4
DA:55,2
DA:56,11
DA:57,5
DA:58,4
DA:59,1
DA:61,8
DA:62,4
DA:63,5
DA:66,0
DA:68,1
DA:70,4
DA:71,5
DA:73,1
DA:75,8
DA:76,4
DA:77,11
DA:78,3
DA:80,1
DA:82,8
DA:83,4
DA:84,0
DA:85,3
DA:87,1
DA:89,4
DA:90,3
DA:91,7
DA:92,1
DA:93,1
DA:94,1
DA:95,4
DA:97,1
DA:99,5
DA:100,1
DA:101,3
DA:103,1
DA:105,5
DA:106,4
DA:107,4
DA:109,1
DA:111,5
DA:112,6
DA:113,3
DA:115,1
DA:117,5
DA:118,5
DA:119,7
DA:121,1
DA:123,5
DA:124,3
DA:125,7
DA:127,1
DA:129,6
DA:130,3
DA:131,3
DA:132,7
DA:134,1
DA:136,5
DA:137,5
DA:138,3
DA:140,1
DA:142,6
DA:143,5
DA:144,5
DA:145,5
DA:147,1
DA:149,5
DA:150,5
DA:151,7
DA:153,1
DA:155,4
DA:156,3
DA:158,1
DA:160,5
DA:161,6
DA:162,5
DA:164,1
DA:166,4
DA:167,6
DA:169,1
DA:171,7
DA:172,6
DA:173,3
DA:174,3
DA:175,3
DA:177,1
DA:179,5
DA:180,5
DA:181,1
DA:182,3
DA:184,1
DA:186,5
DA:187,3
DA:189,1
DA:191,5
DA:192,15
DA:193,17
DA:194,6
DA:195,5
DA:196,4
DA:197,3
DA:198,3
DA:200,1
DA:202,6
DA:203,1
DA:204,1
DA:205,3
DA:207,1
DA:209,5
DA:210,1
DA:211,3
DA:213,1
DA:215,5
DA:216,6
DA:217,5
DA:219,1
DA:221,4
DA:222,6
DA:224,1
DA:226,4
DA:227,5
DA:229,1
DA:231,4
DA:232,5
DA:234,1
DA:236,5
DA:237,6
DA:238,1
DA:240,1
DA:242,2
DA:243,12
DA:244,5
DA:245,4
DA:246,9
DA:247,3
DA:248,6
DA:249,1
DA:250,1
DA:251,4
DA:253,1
DA:255,7
DA:256,3
DA:257,1
DA:258,3
DA:259,4
DA:261,1
DA:263,7
DA:264,1
DA:265,1
DA:266,3
DA:267,4
DA:269,1
DA:271,6
DA:272,3
DA:273,1
DA:274,1
DA:276,1
DA:278,7
DA:279,3
DA:280,1
DA:281,1
DA:282,3
DA:284,1
DA:285,23
DA:286,1
DA:287,1
DA:288,1
DA:289,1
DA:290,1
DA:291,1
DA:292,1
DA:293,1
DA:294,1
DA:295,1
DA:296,1
DA:297,1
DA:298,1
DA:299,1
DA:300,1
DA:301,1
DA:302,1
DA:303,1
DA:304,1
DA:305,1
DA:306,4
DA:307,3
DA:309,1
DA:311,15
DA:312,3
DA:313,3
DA:314,2
DA:316,1
DA:318,3
DA:320,1
DA:322,11
DA:324,1
DA:326,3
DA:328,1
DA:330,4
DA:331,1
DA:333,1
DA:335,3
DA:337,1
DA:339,4
DA:340,1
DA:342,1
DA:344,5
DA:345,3
DA:346,3
DA:347,4
DA:348,3
DA:349,4
DA:351,1
DA:353,5
DA:354,3
DA:355,6
DA:357,1
DA:358,4
DA:359,3
DA:360,3
DA:361,3
DA:362,3
DA:364,1
DA:366,8
DA:367,5
DA:368,3
DA:369,1
DA:370,3
DA:371,0
DA:372,0
DA:374,1
DA:376,4
DA:377,3
DA:378,7
DA:379,1
DA:380,1
DA:381,1
DA:382,4
DA:384,1
DA:386,5
DA:387,10
DA:388,1
DA:389,6
DA:390,3
DA:391,3
DA:392,4
DA:393,4
DA:394,3
DA:396,1
DA:398,5
DA:399,3
DA:400,3
DA:401,3
DA:402,3
DA:403,4
DA:404,3
DA:406,1
DA:408,4
DA:409,10
DA:410,3
DA:411,0
DA:412,0
DA:413,1
DA:415,1
DA:417,4
DA:418,5
DA:419,6
DA:420,3
DA:421,3
DA:422,4
LF:307
LH:297
end_of_record
TN:
SF:src/airj/project_sources.clj
DA:1,1
DA:7,1
DA:9,7
DA:11,1
DA:13,3
DA:14,3
DA:15,10
DA:16,1
DA:18,1
DA:20,4
DA:21,7
DA:22,0
DA:23,0
DA:25,1
DA:27,6
DA:29,1
DA:31,5
DA:32,2
DA:33,3
DA:34,1
DA:36,1
DA:38,6
LF:22
LH:20
end_of_record
TN:
SF:src/airj/jvm_lowerer_match.clj
DA:1,1
DA:3,1
DA:5,8
DA:6,10
DA:7,3
DA:8,7
DA:9,6
DA:10,7
DA:11,1
DA:12,5
DA:13,1
DA:14,3
DA:15,3
DA:16,6
DA:17,1
DA:19,1
DA:20,6
DA:21,5
DA:22,1
DA:23,5
DA:24,1
DA:25,3
DA:26,1
DA:27,0
DA:28,1
DA:29,5
DA:30,1
DA:31,5
DA:32,1
DA:33,3
DA:35,1
DA:37,10
DA:38,7
DA:39,0
DA:40,0
DA:42,1
DA:43,6
DA:44,1
DA:45,1
DA:46,1
DA:47,1
DA:48,0
DA:49,0
DA:50,1
DA:51,7
DA:53,1
DA:55,10
DA:56,7
DA:57,0
DA:58,0
DA:60,1
DA:62,3
DA:63,6
DA:64,9
DA:65,0
DA:66,1
DA:67,3
DA:68,9
DA:69,3
DA:71,1
DA:72,6
DA:73,1
DA:74,1
DA:75,1
DA:76,1
DA:77,0
DA:78,1
DA:80,1
DA:82,10
DA:83,6
DA:84,0
DA:85,0
DA:87,1
DA:89,4
DA:90,6
DA:91,11
DA:92,7
DA:93,8
DA:95,1
DA:97,9
DA:98,8
DA:99,6
DA:100,1
DA:101,13
DA:102,4
DA:103,6
DA:104,1
DA:106,1
DA:108,9
DA:109,3
DA:110,4
DA:111,3
DA:112,3
DA:113,1
DA:114,3
DA:115,1
DA:116,3
DA:117,3
DA:118,4
DA:119,1
DA:120,1
DA:121,3
DA:122,3
DA:123,3
LF:104
LH:93
end_of_record
TN:
SF:src/airj/resolver.clj
DA:1,1
DA:6,2
DA:8,1
DA:10,5
DA:12,1
DA:14,8
DA:16,1
DA:18,16
DA:20,1
DA:22,4
DA:23,3
DA:24,7
DA:25,1
DA:26,1
DA:28,1
DA:30,4
DA:31,8
DA:32,2
DA:33,3
DA:34,5
DA:35,3
DA:37,1
DA:39,4
DA:40,3
DA:41,5
DA:42,0
DA:43,0
DA:44,0
DA:45,0
DA:46,6
DA:47,0
DA:48,0
DA:49,0
DA:50,0
DA:51,0
DA:52,5
DA:53,1
DA:54,3
DA:56,1
DA:58,4
DA:59,28
DA:60,7
DA:61,3
DA:62,6
DA:63,1
DA:65,1
DA:67,10
DA:69,1
DA:71,0
DA:73,1
DA:74,9
DA:75,3
DA:76,5
DA:77,1
DA:78,1
DA:80,1
DA:82,10
DA:83,3
DA:84,0
DA:86,1
DA:88,6
DA:89,9
DA:91,2
DA:93,3
DA:94,4
DA:95,6
DA:96,6
DA:97,1
DA:98,1
DA:99,1
DA:102,1
DA:104,9
DA:105,3
DA:106,5
DA:108,1
DA:110,6
DA:111,7
DA:113,1
DA:115,7
DA:117,1
DA:119,6
DA:121,1
DA:123,6
DA:124,6
DA:125,6
DA:127,1
DA:129,6
DA:130,28
DA:131,5
DA:133,1
DA:135,3
DA:136,1
DA:137,9
DA:138,6
DA:139,1
DA:140,1
DA:142,1
DA:144,8
DA:145,9
DA:147,1
DA:149,5
DA:150,11
DA:152,1
DA:154,6
DA:155,28
DA:156,11
DA:157,9
DA:158,4
DA:160,1
DA:162,6
DA:164,1
DA:166,6
DA:168,1
DA:169,23
DA:170,1
DA:171,1
DA:172,1
DA:173,1
DA:174,1
DA:175,1
DA:176,1
DA:177,8
DA:178,1
DA:179,1
DA:180,1
DA:181,1
DA:182,1
DA:183,8
DA:184,7
DA:185,8
DA:186,1
DA:187,6
DA:188,7
DA:189,8
DA:190,7
DA:191,1
DA:192,6
DA:193,6
DA:195,1
DA:197,5
DA:199,1
DA:201,5
DA:202,3
DA:203,8
DA:205,1
DA:207,6
DA:208,3
DA:209,3
DA:210,3
DA:211,28
DA:212,7
DA:213,4
DA:214,1
LF:153
LH:142
end_of_record
TN:
SF:src/airj/project_graph.clj
DA:1,1
DA:5,1
DA:7,3
DA:8,1
DA:9,1
DA:11,12
DA:12,1
DA:14,1
DA:16,8
DA:17,3
DA:18,3
DA:20,1
DA:22,3
DA:23,7
DA:24,4
DA:25,3
DA:27,1
DA:29,7
DA:30,4
DA:31,4
DA:32,0
DA:33,5
DA:34,4
DA:35,3
DA:36,4
DA:37,5
DA:38,3
DA:39,3
DA:40,1
DA:41,1
DA:42,1
DA:43,1
DA:44,3
DA:45,1
DA:47,1
DA:49,9
LF:36
LH:35
end_of_record
TN:
SF:src/airj/jvm_lowerer_types.clj
DA:1,1
DA:5,2
DA:6,2
DA:7,4
DA:9,1
DA:10,7
DA:14,1
DA:16,5
DA:18,1
DA:20,3
DA:22,1
DA:24,7
DA:26,1
DA:28,8
DA:30,1
DA:32,8
DA:33,4
DA:35,1
DA:37,8
DA:39,1
DA:41,11
DA:42,5
DA:43,0
DA:44,0
DA:45,6
DA:48,2
DA:49,2
DA:50,2
DA:51,2
DA:52,2
DA:54,1
DA:56,4
DA:58,25
DA:59,6
DA:61,5
DA:62,3
DA:63,7
DA:64,6
DA:65,3
DA:66,4
DA:67,1
DA:68,3
DA:70,1
DA:72,12
DA:74,1
DA:76,7
DA:78,1
DA:80,2
DA:81,4
DA:82,5
DA:84,1
DA:86,7
DA:88,1
DA:90,7
DA:92,1
DA:94,14
DA:95,10
DA:96,6
DA:97,6
DA:98,3
DA:99,5
DA:100,0
DA:101,0
DA:103,1
DA:105,6
DA:107,1
DA:109,7
DA:110,7
DA:111,3
DA:112,3
DA:113,0
DA:114,0
DA:115,0
DA:117,1
DA:119,6
DA:121,1
DA:123,10
DA:124,7
DA:125,7
DA:126,11
DA:127,7
DA:128,5
DA:130,1
DA:132,6
DA:134,1
DA:136,7
DA:137,7
DA:138,1
DA:140,1
DA:142,7
DA:143,7
DA:144,1
DA:145,7
DA:146,0
DA:147,0
DA:148,0
DA:150,1
DA:152,3
DA:153,4
DA:154,3
DA:155,4
DA:156,0
DA:157,0
DA:158,0
DA:159,0
DA:161,1
DA:163,8
DA:164,3
DA:165,3
DA:166,3
DA:167,3
DA:170,1
DA:172,7
DA:173,5
DA:174,6
DA:176,1
DA:178,12
DA:179,3
DA:181,1
DA:183,12
DA:184,3
DA:186,1
DA:188,4
DA:189,21
DA:190,0
DA:191,7
DA:192,4
DA:193,7
DA:194,8
DA:195,4
DA:196,0
DA:197,0
DA:199,1
DA:201,7
DA:202,6
DA:203,3
DA:204,1
DA:205,4
DA:206,1
DA:208,1
DA:210,1
DA:211,3
DA:212,2
DA:213,6
DA:214,3
DA:215,3
DA:216,3
DA:217,1
DA:218,3
DA:219,5
DA:220,8
DA:222,1
DA:224,1
DA:225,3
DA:226,7
DA:227,8
DA:228,3
DA:229,1
DA:230,7
DA:231,7
DA:232,3
DA:233,3
DA:234,3
DA:235,6
DA:237,1
DA:239,6
DA:240,6
DA:241,3
DA:242,5
DA:244,1
DA:246,1
DA:247,3
DA:248,7
DA:249,6
DA:250,3
DA:251,1
DA:252,4
DA:253,4
DA:254,1
DA:255,3
DA:256,9
DA:258,1
DA:260,4
DA:261,3
DA:262,0
DA:263,0
DA:264,9
DA:265,0
DA:266,0
DA:267,0
DA:268,32
DA:269,5
DA:270,5
DA:271,0
DA:272,0
DA:273,0
DA:274,0
DA:275,1
DA:277,1
DA:279,7
DA:280,3
DA:281,5
DA:282,9
DA:283,3
DA:284,9
DA:285,4
DA:286,3
DA:287,3
DA:288,1
DA:289,3
DA:290,1
DA:291,1
DA:293,1
DA:295,6
DA:296,1
DA:298,1
DA:299,26
DA:300,1
DA:301,1
DA:302,1
DA:303,1
DA:304,1
DA:305,1
DA:306,1
DA:307,1
DA:308,4
DA:309,4
DA:310,1
DA:311,1
DA:312,1
DA:313,1
DA:314,3
DA:315,1
DA:316,7
DA:317,1
DA:318,1
DA:319,1
DA:320,1
DA:321,1
DA:322,7
DA:323,7
DA:325,1
DA:327,12
DA:328,5
DA:329,4
DA:330,0
DA:331,0
LF:247
LH:219
end_of_record
TN:
SF:src/airj/jvm_cells.clj
DA:1,1
DA:3,1
DA:4,7
DA:8,1
DA:10,8
DA:11,8
DA:13,1
DA:14,5
DA:16,1
DA:18,6
LF:10
LH:10
end_of_record
TN:
SF:src/airj/jvm_emit_entry.clj
DA:1,1
DA:4,1
DA:6,9
DA:7,3
DA:8,15
DA:9,5
DA:10,6
DA:12,3
DA:13,1
DA:14,3
DA:16,1
DA:18,9
DA:19,6
DA:20,3
DA:25,1
DA:26,9
DA:28,3
DA:29,3
DA:30,2
DA:31,1
DA:32,3
DA:33,5
DA:34,8
DA:36,5
DA:37,5
DA:38,1
DA:43,8
DA:44,0
DA:45,2
DA:46,3
DA:47,1
LF:31
LH:30
end_of_record
